2025-09-24T14:01:29.622+08:00  INFO 89524 --- [java-api] [main] c.example.java_api.JavaApiApplication    : Starting JavaApiApplication using Java 24.0.2 with PID 89524 (/Users/liyanwei/Desktop/Project/java-api/target/classes started by liyanwei in /Users/liyanwei/Desktop/Project/java-api)
2025-09-24T14:01:29.622+08:00  INFO 89524 --- [java-api] [main] c.example.java_api.JavaApiApplication    : No active profile set, falling back to 1 default profile: "default"
2025-09-24T14:01:29.857+08:00  INFO 89524 --- [java-api] [main] o.s.b.w.embedded.tomcat.TomcatWebServer  : Tomcat initialized with port 8080 (http)
2025-09-24T14:01:29.868+08:00  INFO 89524 --- [java-api] [main] o.apache.catalina.core.StandardService   : Starting service [Tomcat]
2025-09-24T14:01:29.868+08:00  INFO 89524 --- [java-api] [main] o.apache.catalina.core.StandardEngine    : Starting Servlet engine: [Apache Tomcat/10.1.46]
2025-09-24T14:01:29.907+08:00  INFO 89524 --- [java-api] [main] o.a.c.c.C.[Tomcat].[localhost].[/]       : Initializing Spring embedded WebApplicationContext
2025-09-24T14:01:29.907+08:00  INFO 89524 --- [java-api] [main] w.s.c.ServletWebServerApplicationContext : Root WebApplicationContext: initialization completed in 268 ms
2025-09-24T14:01:30.010+08:00  INFO 89524 --- [java-api] [main] o.s.b.w.embedded.tomcat.TomcatWebServer  : Tomcat started on port 8080 (http) with context path '/'
2025-09-24T14:01:30.013+08:00  INFO 89524 --- [java-api] [main] c.example.java_api.JavaApiApplication    : Started JavaApiApplication in 0.519 seconds (process running for 0.611)
2025-09-24T14:01:34.675+08:00  INFO 89524 --- [java-api] [SpringApplicationShutdownHook] o.s.b.w.e.tomcat.GracefulShutdown        : Commencing graceful shutdown. Waiting for active requests to complete
2025-09-24T14:01:34.685+08:00  INFO 89524 --- [java-api] [tomcat-shutdown] o.s.b.w.e.tomcat.GracefulShutdown        : Graceful shutdown complete
2025-09-24T14:01:37.906+08:00  INFO 89898 --- [java-api] [main] c.example.java_api.JavaApiApplication    : Starting JavaApiApplication using Java 17.0.16 with PID 89898 (/Users/liyanwei/Desktop/Project/java-api/target/classes started by liyanwei in /Users/liyanwei/Desktop/Project/java-api)
2025-09-24T14:01:37.907+08:00  INFO 89898 --- [java-api] [main] c.example.java_api.JavaApiApplication    : No active profile set, falling back to 1 default profile: "default"
2025-09-24T14:01:38.155+08:00  INFO 89898 --- [java-api] [main] o.s.b.w.embedded.tomcat.TomcatWebServer  : Tomcat initialized with port 8080 (http)
2025-09-24T14:01:38.159+08:00  INFO 89898 --- [java-api] [main] o.apache.catalina.core.StandardService   : Starting service [Tomcat]
2025-09-24T14:01:38.159+08:00  INFO 89898 --- [java-api] [main] o.apache.catalina.core.StandardEngine    : Starting Servlet engine: [Apache Tomcat/10.1.46]
2025-09-24T14:01:38.175+08:00  INFO 89898 --- [java-api] [main] o.a.c.c.C.[Tomcat].[localhost].[/]       : Initializing Spring embedded WebApplicationContext
2025-09-24T14:01:38.175+08:00  INFO 89898 --- [java-api] [main] w.s.c.ServletWebServerApplicationContext : Root WebApplicationContext: initialization completed in 254 ms
2025-09-24T14:01:38.295+08:00  INFO 89898 --- [java-api] [main] o.s.b.w.embedded.tomcat.TomcatWebServer  : Tomcat started on port 8080 (http) with context path '/'
2025-09-24T14:01:38.298+08:00  INFO 89898 --- [java-api] [main] c.example.java_api.JavaApiApplication    : Started JavaApiApplication in 0.54 seconds (process running for 0.654)
2025-09-24T14:01:40.357+08:00  INFO 89898 --- [java-api] [SpringApplicationShutdownHook] o.s.b.w.e.tomcat.GracefulShutdown        : Commencing graceful shutdown. Waiting for active requests to complete
2025-09-24T14:01:40.365+08:00  INFO 89898 --- [java-api] [tomcat-shutdown] o.s.b.w.e.tomcat.GracefulShutdown        : Graceful shutdown complete
2025-09-24T14:02:05.277+08:00  INFO 90282 --- [java-api] [main] c.example.java_api.JavaApiApplication    : Starting JavaApiApplication using Java 17.0.16 with PID 90282 (/Users/liyanwei/Desktop/Project/java-api/target/classes started by liyanwei in /Users/liyanwei/Desktop/Project/java-api)
2025-09-24T14:02:05.278+08:00  INFO 90282 --- [java-api] [main] c.example.java_api.JavaApiApplication    : No active profile set, falling back to 1 default profile: "default"
2025-09-24T14:02:05.526+08:00  INFO 90282 --- [java-api] [main] o.s.b.w.embedded.tomcat.TomcatWebServer  : Tomcat initialized with port 8080 (http)
2025-09-24T14:02:05.530+08:00  INFO 90282 --- [java-api] [main] o.apache.catalina.core.StandardService   : Starting service [Tomcat]
2025-09-24T14:02:05.530+08:00  INFO 90282 --- [java-api] [main] o.apache.catalina.core.StandardEngine    : Starting Servlet engine: [Apache Tomcat/10.1.46]
2025-09-24T14:02:05.546+08:00  INFO 90282 --- [java-api] [main] o.a.c.c.C.[Tomcat].[localhost].[/]       : Initializing Spring embedded WebApplicationContext
2025-09-24T14:02:05.546+08:00  INFO 90282 --- [java-api] [main] w.s.c.ServletWebServerApplicationContext : Root WebApplicationContext: initialization completed in 254 ms
2025-09-24T14:02:05.651+08:00  INFO 90282 --- [java-api] [main] o.s.b.w.embedded.tomcat.TomcatWebServer  : Tomcat started on port 8080 (http) with context path '/'
2025-09-24T14:02:05.655+08:00  INFO 90282 --- [java-api] [main] c.example.java_api.JavaApiApplication    : Started JavaApiApplication in 0.521 seconds (process running for 0.611)
2025-09-24T14:02:08.744+08:00  INFO 90282 --- [java-api] [http-nio-8080-exec-2] o.a.c.c.C.[Tomcat].[localhost].[/]       : Initializing Spring DispatcherServlet 'dispatcherServlet'
2025-09-24T14:02:08.744+08:00  INFO 90282 --- [java-api] [http-nio-8080-exec-2] o.s.web.servlet.DispatcherServlet        : Initializing Servlet 'dispatcherServlet'
2025-09-24T14:02:08.745+08:00  INFO 90282 --- [java-api] [http-nio-8080-exec-2] o.s.web.servlet.DispatcherServlet        : Completed initialization in 1 ms
2025-09-24T14:02:08.757+08:00  INFO 90282 --- [java-api] [http-nio-8080-exec-2] com.example.java_api.HelloController     : GET / 被呼叫了
2025-09-24T14:02:10.039+08:00  INFO 90282 --- [java-api] [http-nio-8080-exec-3] com.example.java_api.HelloController     : GET / 被呼叫了
2025-09-24T14:13:20.497+08:00  INFO 90282 --- [java-api] [SpringApplicationShutdownHook] o.s.b.w.e.tomcat.GracefulShutdown        : Commencing graceful shutdown. Waiting for active requests to complete
2025-09-24T14:13:20.500+08:00  INFO 90282 --- [java-api] [tomcat-shutdown] o.s.b.w.e.tomcat.GracefulShutdown        : Graceful shutdown complete
